Build started 17-04-2016 15:40:36.
     1>Project "C:\Users\HP PC\MissionRnDProjects\C_Test2\spec\spec.vcxproj" on node 3 (Build target(s)).
     1>ClCompile:
         C:\Program Files (x86)\Microsoft Visual Studio 12.0\VC\bin\CL.exe /c /AI"C:\Program Files (x86)\Reference Assemblies\Microsoft\Framework\.NETFramework\v4.0" /AI"C:\Program Files (x86)\Windows Kits\8.1\References\CommonConfiguration\Neutral" /Zi /clr /nologo /W3 /WX- /Od /Oy- /D WIN32 /D _DEBUG /D _WINDLL /D _UNICODE /D UNICODE /EHa /MD /GS /fp:precise /Zc:wchar_t /Zc:forScope /Yu"stdafx.h" /Fp"Debug\spec.pch" /Fo"Debug\\" /Fd"Debug\vc120.pdb" /TP /FU"C:\Program Files (x86)\Microsoft Visual Studio 12.0\Common7\IDE\PublicAssemblies\Microsoft.VisualStudio.QualityTools.UnitTestFramework.dll" /FU"C:\Program Files (x86)\Reference Assemblies\Microsoft\Framework\.NETFramework\v4.0\mscorlib.dll" /FU"C:\Program Files (x86)\Reference Assemblies\Microsoft\Framework\.NETFramework\v4.0\System.Data.dll" /FU"C:\Program Files (x86)\Reference Assemblies\Microsoft\Framework\.NETFramework\v4.0\System.dll" /FU"C:\Program Files (x86)\Reference Assemblies\Microsoft\Framework\.NETFramework\v4.0\System.Xml.dll" /analyze- /errorReport:prompt /clr:nostdlib CommonRouteSpec.cpp MangoCollectorSpec.cpp OddEvenSpec.cpp
         CommonRouteSpec.cpp
     1>CommonRouteSpec.cpp(2): warning C4067: unexpected tokens following preprocessor directive - expected a newline
     1>CommonRouteSpec.cpp(3): warning C4067: unexpected tokens following preprocessor directive - expected a newline
     1>c:\users\hp pc\missionrndprojects\c_test2\spec\./../src/CommonRoute.cpp(62): error C2143: syntax error : missing ';' before '}'
     1>c:\users\hp pc\missionrndprojects\c_test2\spec\./../src/CommonRoute.cpp(62): warning C4390: ';' : empty controlled statement found; is this the intent?
         MangoCollectorSpec.cpp
     1>MangoCollectorSpec.cpp(3): warning C4067: unexpected tokens following preprocessor directive - expected a newline
     1>MangoCollectorSpec.cpp(4): warning C4067: unexpected tokens following preprocessor directive - expected a newline
     1>c:\users\hp pc\missionrndprojects\c_test2\spec\./../src/MangoCollector.cpp(118): warning C4101: 'minIndex' : unreferenced local variable
         OddEvenSpec.cpp
     1>OddEvenSpec.cpp(2): warning C4067: unexpected tokens following preprocessor directive - expected a newline
     1>OddEvenSpec.cpp(3): warning C4067: unexpected tokens following preprocessor directive - expected a newline
     1>c:\users\hp pc\missionrndprojects\c_test2\spec\./../src/OddEven.cpp(169): warning C4172: returning address of local variable or temporary
         Generating Code...
     1>c:\users\hp pc\missionrndprojects\c_test2\spec\oddevenspec.cpp(72): warning C4715: 'spec::OddEvenSpec::is_correct' : not all control paths return a value
     1>Done Building Project "C:\Users\HP PC\MissionRnDProjects\C_Test2\spec\spec.vcxproj" (Build target(s)) -- FAILED.

Build FAILED.

Time Elapsed 00:00:01.56
