Build started 17-04-2016 15:40:36.
     1>Project "C:\Users\HP PC\MissionRnDProjects\C_Test2\src\src.vcxproj" on node 2 (Build target(s)).
     1>ClCompile:
         C:\Program Files (x86)\Microsoft Visual Studio 12.0\VC\bin\CL.exe /c /ZI /nologo /W3 /WX- /sdl /Od /Oy- /D WIN32 /D _DEBUG /D _CONSOLE /D _LIB /D _UNICODE /D UNICODE /Gm /EHsc /RTC1 /MDd /GS /fp:precise /Zc:wchar_t /Zc:forScope /Fo"Debug\\" /Fd"Debug\vc120.pdb" /Gd /TP /analyze- /errorReport:prompt CommonRoute.cpp MangoCollector.cpp OddEven.cpp
         OddEven.cpp
     1>c:\users\hp pc\missionrndprojects\c_test2\src\oddeven.cpp(169): warning C4172: returning address of local variable or temporary
         MangoCollector.cpp
     1>c:\users\hp pc\missionrndprojects\c_test2\src\mangocollector.cpp(118): warning C4101: 'minIndex' : unreferenced local variable
         CommonRoute.cpp
     1>c:\users\hp pc\missionrndprojects\c_test2\src\commonroute.cpp(62): error C2143: syntax error : missing ';' before '}'
     1>c:\users\hp pc\missionrndprojects\c_test2\src\commonroute.cpp(62): warning C4390: ';' : empty controlled statement found; is this the intent?
         Generating Code...
     1>Done Building Project "C:\Users\HP PC\MissionRnDProjects\C_Test2\src\src.vcxproj" (Build target(s)) -- FAILED.

Build FAILED.

Time Elapsed 00:00:01.64
